[debug] [2018-11-14T19:53:11.891Z] ----------------------------------------------------------------------
[debug] [2018-11-14T19:53:11.892Z] Command:       /usr/local/bin/node /usr/local/bin/firebase serve --only functions
[debug] [2018-11-14T19:53:11.892Z] CLI Version:   6.1.0
[debug] [2018-11-14T19:53:11.893Z] Platform:      darwin
[debug] [2018-11-14T19:53:11.893Z] Node Version:  v8.11.2
[debug] [2018-11-14T19:53:11.893Z] Time:          Wed Nov 14 2018 11:53:11 GMT-0800 (PST)
[debug] [2018-11-14T19:53:11.893Z] ----------------------------------------------------------------------
[debug] 
[debug] [2018-11-14T19:53:11.902Z] > command requires scopes: ["email","openid","https://www.googleapis.com/auth/cloudplatformprojects.readonly","https://www.googleapis.com/auth/firebase","https://www.googleapis.com/auth/cloud-platform"]
[debug] [2018-11-14T19:53:11.902Z] > authorizing via signed-in user
[debug] [2018-11-14T19:53:11.902Z] [iam] checking project desk-ideas for permissions ["firebase.projects.get"]
[debug] [2018-11-14T19:53:11.904Z] >>> HTTP REQUEST POST https://cloudresourcemanager.googleapis.com/v1/projects/desk-ideas:testIamPermissions  

[debug] [2018-11-14T19:53:12.244Z] <<< HTTP RESPONSE 200
[debug] [2018-11-14T19:53:12.245Z] >>> HTTP REQUEST GET https://cloudresourcemanager.googleapis.com/v1/projects/desk-ideas  
 
[debug] [2018-11-14T19:53:12.621Z] <<< HTTP RESPONSE 200
[info] 
[info] === Serving from '/Users/mlgyshan/Documents/GitHub/desk-ideas'...
[info] 
[debug] [2018-11-14T19:53:13.192Z] Error: EACCES: permission denied, mkdir '/usr/local/lib/node_modules/firebase-tools/node_modules/@google-cloud/functions-emulator/logs'
    at Object.fs.mkdirSync (fs.js:885:18)
    at Object.assertLogsPath (/usr/local/lib/node_modules/firebase-tools/node_modules/@google-cloud/functions-emulator/src/emulator/logs.js:65:10)
    at new Controller (/usr/local/lib/node_modules/firebase-tools/node_modules/@google-cloud/functions-emulator/src/cli/controller.js:77:32)
    at FunctionsEmulator.start (/usr/local/lib/node_modules/firebase-tools/lib/functionsEmulator.js:102:23)
    at Object.start (/usr/local/lib/node_modules/firebase-tools/lib/serve/functions.js:7:33)
    at /usr/local/lib/node_modules/firebase-tools/lib/serve/index.js:15:23
    at arrayMap (/usr/local/lib/node_modules/firebase-tools/node_modules/lodash/lodash.js:639:23)
    at Function.map (/usr/local/lib/node_modules/firebase-tools/node_modules/lodash/lodash.js:9556:14)
    at _serve (/usr/local/lib/node_modules/firebase-tools/lib/serve/index.js:13:26)
    at Command.module.exports.Command.description.option.option.option.option.before.action [as _action] (/usr/local/lib/node_modules/firebase-tools/lib/commands/serve.js:53:12)
[error] 
[error] Error: An unexpected error has occurred.
[debug] [2018-11-14T19:53:43.639Z] ----------------------------------------------------------------------
[debug] [2018-11-14T19:53:43.641Z] Command:       /usr/local/bin/node /usr/local/bin/firebase serve --only functions
[debug] [2018-11-14T19:53:43.641Z] CLI Version:   6.1.0
[debug] [2018-11-14T19:53:43.641Z] Platform:      darwin
[debug] [2018-11-14T19:53:43.641Z] Node Version:  v8.11.2
[debug] [2018-11-14T19:53:43.641Z] Time:          Wed Nov 14 2018 11:53:43 GMT-0800 (PST)
[debug] [2018-11-14T19:53:43.642Z] ----------------------------------------------------------------------
[debug] 
[debug] [2018-11-14T19:53:43.650Z] > command requires scopes: ["email","openid","https://www.googleapis.com/auth/cloudplatformprojects.readonly","https://www.googleapis.com/auth/firebase","https://www.googleapis.com/auth/cloud-platform"]
[debug] [2018-11-14T19:53:43.650Z] > authorizing via signed-in user
[debug] [2018-11-14T19:53:43.650Z] [iam] checking project desk-ideas for permissions ["firebase.projects.get"]
[debug] [2018-11-14T19:53:43.651Z] >>> HTTP REQUEST POST https://cloudresourcemanager.googleapis.com/v1/projects/desk-ideas:testIamPermissions  

[debug] [2018-11-14T19:53:43.943Z] <<< HTTP RESPONSE 200
[debug] [2018-11-14T19:53:43.944Z] >>> HTTP REQUEST GET https://cloudresourcemanager.googleapis.com/v1/projects/desk-ideas  
 
[debug] [2018-11-14T19:53:44.274Z] <<< HTTP RESPONSE 200
[info] 
[info] === Serving from '/Users/mlgyshan/Documents/GitHub/desk-ideas'...
[info] 
[info] i  functions: Preparing to emulate functions.
[debug] [2018-11-14T19:53:44.664Z] Fetching environment
[debug] [2018-11-14T19:53:44.666Z] >>> HTTP REQUEST GET https://mobilesdk-pa.googleapis.com/v1/projects/348221165016:getServerAppConfig  
 
[debug] [2018-11-14T19:53:44.852Z] <<< HTTP RESPONSE 200
[debug] [2018-11-14T19:53:44.853Z] Starting @google-cloud/functions-emulator
[debug] [2018-11-14T19:53:45.917Z] Parsing function triggers
[info] ✔  functions: helloWorld: http://localhost:5000/desk-ideas/us-central1/helloWorld
