[debug] [2018-11-14T19:52:25.514Z] ----------------------------------------------------------------------
[debug] [2018-11-14T19:52:25.516Z] Command:       /usr/local/bin/node /usr/local/bin/firebase serve
[debug] [2018-11-14T19:52:25.516Z] CLI Version:   6.1.0
[debug] [2018-11-14T19:52:25.516Z] Platform:      darwin
[debug] [2018-11-14T19:52:25.516Z] Node Version:  v8.11.2
[debug] [2018-11-14T19:52:25.517Z] Time:          Wed Nov 14 2018 11:52:25 GMT-0800 (PST)
[debug] [2018-11-14T19:52:25.517Z] ----------------------------------------------------------------------
[debug] 
[debug] [2018-11-14T19:52:25.526Z] > command requires scopes: ["email","openid","https://www.googleapis.com/auth/cloudplatformprojects.readonly","https://www.googleapis.com/auth/firebase","https://www.googleapis.com/auth/cloud-platform"]
[debug] [2018-11-14T19:52:25.526Z] > authorizing via signed-in user
[debug] [2018-11-14T19:52:25.526Z] [iam] checking project desk-ideas for permissions ["firebase.projects.get"]
[debug] [2018-11-14T19:52:25.528Z] >>> HTTP REQUEST POST https://cloudresourcemanager.googleapis.com/v1/projects/desk-ideas:testIamPermissions  

[debug] [2018-11-14T19:52:25.817Z] <<< HTTP RESPONSE 200
[debug] [2018-11-14T19:52:25.819Z] >>> HTTP REQUEST GET https://cloudresourcemanager.googleapis.com/v1/projects/desk-ideas  
 
[debug] [2018-11-14T19:52:26.094Z] <<< HTTP RESPONSE 200
[info] 
[info] === Serving from '/Users/mlgyshan/Documents/GitHub/desk-ideas'...
[info] 
[debug] [2018-11-14T19:52:26.780Z] Error: EACCES: permission denied, mkdir '/usr/local/lib/node_modules/firebase-tools/node_modules/@google-cloud/functions-emulator/logs'
    at Object.fs.mkdirSync (fs.js:885:18)
    at Object.assertLogsPath (/usr/local/lib/node_modules/firebase-tools/node_modules/@google-cloud/functions-emulator/src/emulator/logs.js:65:10)
    at new Controller (/usr/local/lib/node_modules/firebase-tools/node_modules/@google-cloud/functions-emulator/src/cli/controller.js:77:32)
    at FunctionsEmulator.start (/usr/local/lib/node_modules/firebase-tools/lib/functionsEmulator.js:102:23)
    at Object.start (/usr/local/lib/node_modules/firebase-tools/lib/serve/functions.js:7:33)
    at /usr/local/lib/node_modules/firebase-tools/lib/serve/index.js:15:23
    at arrayMap (/usr/local/lib/node_modules/firebase-tools/node_modules/lodash/lodash.js:639:23)
    at Function.map (/usr/local/lib/node_modules/firebase-tools/node_modules/lodash/lodash.js:9556:14)
    at _serve (/usr/local/lib/node_modules/firebase-tools/lib/serve/index.js:13:26)
    at Command.module.exports.Command.description.option.option.option.option.before.action [as _action] (/usr/local/lib/node_modules/firebase-tools/lib/commands/serve.js:53:12)
[error] 
[error] Error: An unexpected error has occurred.
[debug] [2018-11-14T19:52:36.208Z] ----------------------------------------------------------------------
[debug] [2018-11-14T19:52:36.210Z] Command:       /usr/local/bin/node /usr/local/bin/firebase serve --only functions
[debug] [2018-11-14T19:52:36.211Z] CLI Version:   6.1.0
[debug] [2018-11-14T19:52:36.211Z] Platform:      darwin
[debug] [2018-11-14T19:52:36.211Z] Node Version:  v8.11.2
[debug] [2018-11-14T19:52:36.211Z] Time:          Wed Nov 14 2018 11:52:36 GMT-0800 (PST)
[debug] [2018-11-14T19:52:36.211Z] ----------------------------------------------------------------------
[debug] 
[debug] [2018-11-14T19:52:36.221Z] > command requires scopes: ["email","openid","https://www.googleapis.com/auth/cloudplatformprojects.readonly","https://www.googleapis.com/auth/firebase","https://www.googleapis.com/auth/cloud-platform"]
[debug] [2018-11-14T19:52:36.221Z] > authorizing via signed-in user
[debug] [2018-11-14T19:52:36.221Z] [iam] checking project desk-ideas for permissions ["firebase.projects.get"]
[debug] [2018-11-14T19:52:36.223Z] >>> HTTP REQUEST POST https://cloudresourcemanager.googleapis.com/v1/projects/desk-ideas:testIamPermissions  

[debug] [2018-11-14T19:52:36.508Z] <<< HTTP RESPONSE 200
[debug] [2018-11-14T19:52:36.509Z] >>> HTTP REQUEST GET https://cloudresourcemanager.googleapis.com/v1/projects/desk-ideas  
 
[debug] [2018-11-14T19:52:36.774Z] <<< HTTP RESPONSE 200
[info] 
[info] === Serving from '/Users/mlgyshan/Documents/GitHub/desk-ideas'...
[info] 
[debug] [2018-11-14T19:52:37.298Z] Error: EACCES: permission denied, mkdir '/usr/local/lib/node_modules/firebase-tools/node_modules/@google-cloud/functions-emulator/logs'
    at Object.fs.mkdirSync (fs.js:885:18)
    at Object.assertLogsPath (/usr/local/lib/node_modules/firebase-tools/node_modules/@google-cloud/functions-emulator/src/emulator/logs.js:65:10)
    at new Controller (/usr/local/lib/node_modules/firebase-tools/node_modules/@google-cloud/functions-emulator/src/cli/controller.js:77:32)
    at FunctionsEmulator.start (/usr/local/lib/node_modules/firebase-tools/lib/functionsEmulator.js:102:23)
    at Object.start (/usr/local/lib/node_modules/firebase-tools/lib/serve/functions.js:7:33)
    at /usr/local/lib/node_modules/firebase-tools/lib/serve/index.js:15:23
    at arrayMap (/usr/local/lib/node_modules/firebase-tools/node_modules/lodash/lodash.js:639:23)
    at Function.map (/usr/local/lib/node_modules/firebase-tools/node_modules/lodash/lodash.js:9556:14)
    at _serve (/usr/local/lib/node_modules/firebase-tools/lib/serve/index.js:13:26)
    at Command.module.exports.Command.description.option.option.option.option.before.action [as _action] (/usr/local/lib/node_modules/firebase-tools/lib/commands/serve.js:53:12)
[error] 
[error] Error: An unexpected error has occurred.
